<?xml version="1.0" encoding="UTF-8"?>
<testsuite name="DeadlineTest" tests="1" skipped="0" failures="0" errors="0" timestamp="2022-10-19T06:35:33" hostname="DESKTOP-M2RB2MF" time="3.894">
  <properties/>
  <testcase name="DeadlineTest()" classname="DeadlineTest" time="3.894"/>
  <system-out><![CDATA[]]></system-out>
  <system-err><![CDATA[SLF4J: Failed to load class "org.slf4j.impl.StaticLoggerBinder".
SLF4J: Defaulting to no-operation (NOP) logger implementation
SLF4J: See http://www.slf4j.org/codes.html#StaticLoggerBinder for further details.
Starting ChromeDriver 106.0.5249.61 (511755355844955cd3e264779baf0dd38212a4d0-refs/branch-heads/5249@{#569}) on port 16380
Only local connections are allowed.
Please see https://chromedriver.chromium.org/security-considerations for suggestions on keeping ChromeDriver safe.
ChromeDriver was started successfully.
окт. 19, 2022 3:35:34 PM org.openqa.selenium.remote.ProtocolHandshake createSession
INFO: Detected dialect: W3C
]]></system-err>
</testsuite>
